#
# There is insufficient memory for the Java Runtime Environment to continue.
# Native memory allocation (malloc) failed to allocate 1899376 bytes for Chunk::new
# Possible reasons:
#   The system is out of physical RAM or swap space
#   The process is running with CompressedOops enabled, and the Java Heap may be blocking the growth of the native heap
# Possible solutions:
#   Reduce memory load on the system
#   Increase physical memory or swap space
#   Check if swap backing store is full
#   Decrease Java heap size (-Xmx/-Xms)
#   Decrease number of Java threads
#   Decrease Java thread stack sizes (-Xss)
#   Set larger code cache with -XX:ReservedCodeCacheSize=
#   JVM is running with Unscaled Compressed Oops mode in which the Java heap is
#     placed in the first 4GB address space. The Java Heap base address is the
#     maximum limit for the native heap growth. Please use -XX:HeapBaseMinAddress
#     to set the Java Heap base and to place the Java Heap above 4GB virtual address.
# This output file may be truncated or incomplete.
#
#  Out of Memory Error (allocation.cpp:389), pid=5572, tid=0x0000000000000e1c
#
# JRE version: Java(TM) SE Runtime Environment (8.0_231-b11) (build 1.8.0_231-b11)
# Java VM: Java HotSpot(TM) 64-Bit Server VM (25.231-b11 mixed mode windows-amd64 compressed oops)
# Failed to write core dump. Minidumps are not enabled by default on client versions of Windows
#

---------------  T H R E A D  ---------------

Current thread (0x0000000014a9d800):  JavaThread "C2 CompilerThread1" daemon [_thread_in_native, id=3612, stack(0x00000000161c0000,0x00000000162c0000)]

Stack: [0x00000000161c0000,0x00000000162c0000]
[error occurred during error reporting (printing stack bounds), id 0xc0000005]

Native frames: (J=compiled Java code, j=interpreted, Vv=VM code, C=native code)


Current CompileTask:
C2:   5483  708       4       sun.misc.URLClassPath::getResource (83 bytes)


---------------  P R O C E S S  ---------------

Java Threads: ( => current thread )
  0x0000000016c90800 JavaThread "ReaderThread" [_thread_in_native, id=3996, stack(0x00000000171c0000,0x00000000172c0000)]
  0x00000000163e8800 JavaThread "Service Thread" daemon [_thread_blocked, id=6676, stack(0x00000000167c0000,0x00000000168c0000)]
  0x0000000014a9f800 JavaThread "C1 CompilerThread2" daemon [_thread_blocked, id=5376, stack(0x00000000162c0000,0x00000000163c0000)]
=>0x0000000014a9d800 JavaThread "C2 CompilerThread1" daemon [_thread_in_native, id=3612, stack(0x00000000161c0000,0x00000000162c0000)]
  0x0000000014a96800 JavaThread "C2 CompilerThread0" daemon [_thread_blocked, id=8604, stack(0x00000000160c0000,0x00000000161c0000)]
  0x0000000014a95000 JavaThread "Attach Listener" daemon [_thread_blocked, id=2644, stack(0x0000000015fc0000,0x00000000160c0000)]
  0x0000000014a93800 JavaThread "Signal Dispatcher" daemon [_thread_blocked, id=4972, stack(0x0000000015ec0000,0x0000000015fc0000)]
  0x000000000246b800 JavaThread "Finalizer" daemon [_thread_blocked, id=6324, stack(0x0000000015ce0000,0x0000000015de0000)]
  0x0000000002466000 JavaThread "Reference Handler" daemon [_thread_blocked, id=3140, stack(0x0000000015be0000,0x0000000015ce0000)]
  0x0000000002375800 JavaThread "main" [_thread_in_native, id=488, stack(0x0000000002270000,0x0000000002370000)]

Other Threads:
  0x0000000014a58800 VMThread [stack: 0x0000000015ae0000,0x0000000015be0000] [id=4316]
  0x000000001645f000 WatcherThread [stack: 0x00000000168c0000,0x00000000169c0000] [id=7332]

VM state:not at safepoint (normal execution)

VM Mutex/Monitor currently owned by a thread: None

heap address: 0x00000000c1200000, size: 1006 MB, Compressed Oops mode: 32-bit
Narrow klass base: 0x0000000000000000, Narrow klass shift: 3
Compressed class space size: 1073741824 Address: 0x0000000100000000

Heap:
 PSYoungGen      total 18944K, used 16766K [0x00000000eb100000, 0x00000000ec600000, 0x0000000100000000)
  eden space 16384K, 86% used [0x00000000eb100000,0x00000000ebee5f48,0x00000000ec100000)
  from space 2560K, 99% used [0x00000000ec100000,0x00000000ec379c70,0x00000000ec380000)
  to   space 2560K, 0% used [0x00000000ec380000,0x00000000ec380000,0x00000000ec600000)
 ParOldGen       total 44032K, used 579K [0x00000000c1200000, 0x00000000c3d00000, 0x00000000eb100000)
  object space 44032K, 1% used [0x00000000c1200000,0x00000000c1290c90,0x00000000c3d00000)
 Metaspace       used 8674K, capacity 8770K, committed 8960K, reserved 1056768K
  class space    used 1201K, capacity 1237K, committed 1280K, reserved 1048576K

Card table byte_map: [0x0000000011830000,0x0000000011a30000] byte_map_base: 0x0000000011227000

Marking Bits: (ParMarkBitMap*) 0x0000000077f76d90
 Begin Bits: [0x0000000011f80000, 0x0000000012f38000)
 End Bits:   [0x0000000012f38000, 0x0000000013ef0000)

Polling page: 0x0000000000520000

CodeCache: size=245760Kb used=3207Kb max_used=3207Kb free=242552Kb
 bounds [0x0000000002470000, 0x00000000027a0000, 0x0000000011470000]
 total_blobs=1072 nmethods=776 adapters=209
 compilation: enabled

Compilation events (10 events):
Event: 5.355 Thread 0x0000000014a96800  769       4       java.util.HashMap::put (13 bytes)
Event: 5.355 Thread 0x0000000014a9f800  771       2       java.io.DataOutputStream::writeUTF (435 bytes)
Event: 5.357 Thread 0x0000000014a9f800 nmethod 771 0x0000000002784110 code [0x0000000002784360, 0x0000000002785008]
Event: 5.364 Thread 0x0000000014a96800 nmethod 769 0x000000000278bd50 code [0x000000000278bf00, 0x000000000278c648]
Event: 5.364 Thread 0x0000000014a96800  770       4       java.lang.String::equals (81 bytes)
Event: 5.368 Thread 0x0000000014a96800 nmethod 770 0x0000000002783c50 code [0x0000000002783da0, 0x0000000002783fd8]
Event: 5.389 Thread 0x0000000014a9f800  772   !   3       java.lang.Package::getSystemPackage (63 bytes)
Event: 5.389 Thread 0x0000000014a9f800 nmethod 772 0x000000000278ad90 code [0x000000000278af80, 0x000000000278b858]
Event: 5.421 Thread 0x0000000014a96800  773       4       java.util.zip.ZipCoder::getBytes (192 bytes)
Event: 5.433 Thread 0x0000000014a96800 nmethod 773 0x0000000002788b50 code [0x0000000002788d00, 0x00000000027892d0]

GC Heap History (2 events):
Event: 4.861 GC heap before
{Heap before GC invocations=1 (full 0):
 PSYoungGen      total 18944K, used 16384K [0x00000000eb100000, 0x00000000ec600000, 0x0000000100000000)
  eden space 16384K, 100% used [0x00000000eb100000,0x00000000ec100000,0x00000000ec100000)
  from space 2560K, 0% used [0x00000000ec380000,0x00000000ec380000,0x00000000ec600000)
  to   space 2560K, 0% used [0x00000000ec100000,0x00000000ec100000,0x00000000ec380000)
 ParOldGen       total 44032K, used 0K [0x00000000c1200000, 0x00000000c3d00000, 0x00000000eb100000)
  object space 44032K, 0% used [0x00000000c1200000,0x00000000c1200000,0x00000000c3d00000)
 Metaspace       used 6577K, capacity 6660K, committed 6784K, reserved 1056768K
  class space    used 836K, capacity 880K, committed 896K, reserved 1048576K
Event: 4.866 GC heap after
Heap after GC invocations=1 (full 0):
 PSYoungGen      total 18944K, used 2535K [0x00000000eb100000, 0x00000000ec600000, 0x0000000100000000)
  eden space 16384K, 0% used [0x00000000eb100000,0x00000000eb100000,0x00000000ec100000)
  from space 2560K, 99% used [0x00000000ec100000,0x00000000ec379c70,0x00000000ec380000)
  to   space 2560K, 0% used [0x00000000ec380000,0x00000000ec380000,0x00000000ec600000)
 ParOldGen       total 44032K, used 579K [0x00000000c1200000, 0x00000000c3d00000, 0x00000000eb100000)
  object space 44032K, 1% used [0x00000000c1200000,0x00000000c1290c90,0x00000000c3d00000)
 Metaspace       used 6577K, capacity 6660K, committed 6784K, reserved 1056768K
  class space    used 836K, capacity 880K, committed 896K, reserved 1048576K
}

Deoptimization events (9 events):
Event: 4.147 Thread 0x0000000002375800 Uncommon trap: reason=unstable_if action=reinterpret pc=0x000000000257cfb8 method=java.lang.String.hashCode()I @ 14
Event: 4.394 Thread 0x0000000002375800 Uncommon trap: reason=unstable_if action=reinterpret pc=0x00000000025fb35c method=java.lang.String.indexOf([CII[CIII)I @ 3
Event: 4.451 Thread 0x0000000002375800 Uncommon trap: reason=unstable_if action=reinterpret pc=0x00000000025feb68 method=java.lang.String.startsWith(Ljava/lang/String;I)Z @ 25
Event: 4.830 Thread 0x0000000002375800 Uncommon trap: reason=unstable_if action=reinterpret pc=0x00000000026de798 method=sun.net.www.ParseUtil.encodePath(Ljava/lang/String;Z)Ljava/lang/String; @ 81
Event: 4.830 Thread 0x0000000002375800 Uncommon trap: reason=unstable_if action=reinterpret pc=0x00000000025f2cd8 method=sun.nio.cs.UTF_8$Encoder.encode([CII[B)I @ 33
Event: 5.004 Thread 0x0000000002375800 Uncommon trap: reason=unstable_if action=reinterpret pc=0x000000000267d580 method=java.io.WinNTFileSystem.normalize(Ljava/lang/String;)Ljava/lang/String; @ 128
Event: 5.004 Thread 0x0000000002375800 Uncommon trap: reason=unstable_if action=reinterpret pc=0x00000000025e932c method=java.io.WinNTFileSystem.normalize(Ljava/lang/String;II)Ljava/lang/String; @ 8
Event: 5.238 Thread 0x0000000002375800 Uncommon trap: reason=range_check action=make_not_entrant pc=0x000000000272f920 method=sun.reflect.generics.parser.SignatureParser.current()C @ 34
Event: 5.350 Thread 0x0000000002375800 Uncommon trap: reason=null_check action=make_not_entrant pc=0x00000000026644d4 method=java.lang.String.equals(Ljava/lang/Object;)Z @ 8

Classes redefined (0 events):
No events

Internal exceptions (10 events):
Event: 2.194 Thread 0x0000000002375800 Exception <a 'java/security/PrivilegedActionException'> (0x00000000eb346c90) thrown at [C:\re\workspace\8-2-build-windows-amd64-cygwin\jdk8u231\13620\hotspot\src\share\vm\prims\jvm.cpp, line 1502]
Event: 2.194 Thread 0x0000000002375800 Exception <a 'java/security/PrivilegedActionException'> (0x00000000eb346ea0) thrown at [C:\re\workspace\8-2-build-windows-amd64-cygwin\jdk8u231\13620\hotspot\src\share\vm\prims\jvm.cpp, line 1502]
Event: 4.553 Thread 0x0000000002375800 Exception <a 'java/security/PrivilegedActionException'> (0x00000000eb9c7a90) thrown at [C:\re\workspace\8-2-build-windows-amd64-cygwin\jdk8u231\13620\hotspot\src\share\vm\prims\jvm.cpp, line 1502]
Event: 4.553 Thread 0x0000000002375800 Exception <a 'java/security/PrivilegedActionException'> (0x00000000eb9c7e88) thrown at [C:\re\workspace\8-2-build-windows-amd64-cygwin\jdk8u231\13620\hotspot\src\share\vm\prims\jvm.cpp, line 1502]
Event: 4.553 Thread 0x0000000002375800 Exception <a 'java/security/PrivilegedActionException'> (0x00000000eb9cbec8) thrown at [C:\re\workspace\8-2-build-windows-amd64-cygwin\jdk8u231\13620\hotspot\src\share\vm\prims\jvm.cpp, line 1502]
Event: 4.553 Thread 0x0000000002375800 Exception <a 'java/security/PrivilegedActionException'> (0x00000000eb9cc2c0) thrown at [C:\re\workspace\8-2-build-windows-amd64-cygwin\jdk8u231\13620\hotspot\src\share\vm\prims\jvm.cpp, line 1502]
Event: 5.238 Thread 0x0000000002375800 Exception <a 'java/lang/ArrayIndexOutOfBoundsException': 18> (0x00000000ebbdda10) thrown at [C:\re\workspace\8-2-build-windows-amd64-cygwin\jdk8u231\13620\hotspot\src\share\vm\interpreter\interpreterRuntime.cpp, line 368]
Event: 5.239 Thread 0x0000000002375800 Exception <a 'java/lang/ArrayIndexOutOfBoundsException': 138> (0x00000000ebbdf6a8) thrown at [C:\re\workspace\8-2-build-windows-amd64-cygwin\jdk8u231\13620\hotspot\src\share\vm\interpreter\interpreterRuntime.cpp, line 368]
Event: 5.239 Thread 0x0000000002375800 Exception <a 'java/lang/ArrayIndexOutOfBoundsException': 60> (0x00000000ebbe0d40) thrown at [C:\re\workspace\8-2-build-windows-amd64-cygwin\jdk8u231\13620\hotspot\src\share\vm\interpreter\interpreterRuntime.cpp, line 368]
Event: 5.350 Thread 0x0000000002375800 Implicit null exception at 0x000000000266431a to 0x00000000026644c5

Events (10 events):
Event: 5.437 loading class java/lang/Shutdown$Lock
Event: 5.437 loading class java/lang/Shutdown$Lock done
Event: 5.437 loading class java/util/logging/LogManager$2
Event: 5.437 loading class java/util/logging/LogManager$2 done
Event: 5.437 loading class java/util/logging/LogManager$3
Event: 5.437 loading class java/util/logging/LogManager$3 done
Event: 5.437 loading class java/util/logging/LogManager$LoggerWeakRef
Event: 5.438 loading class java/util/logging/LogManager$LoggerWeakRef done
Event: 5.438 loading class java/util/logging/LogManager$LoggerContext$1
Event: 5.438 loading class java/util/logging/LogManager$LoggerContext$1 done


Dynamic libraries:
0x00007ff63ed40000 - 0x00007ff63ed77000 	C:\Program Files\Java\jre1.8.0_231\bin\javaw.exe
0x00007ffe1cb30000 - 0x00007ffe1ccf1000 	C:\Windows\SYSTEM32\ntdll.dll
0x00007ffe1c950000 - 0x00007ffe1c9fd000 	C:\Windows\system32\KERNEL32.DLL
0x00007ffe19510000 - 0x00007ffe196f8000 	C:\Windows\system32\KERNELBASE.dll
0x00007ffe19f30000 - 0x00007ffe19fd7000 	C:\Windows\system32\ADVAPI32.dll
0x00007ffe1b7e0000 - 0x00007ffe1b87d000 	C:\Windows\system32\msvcrt.dll
0x00007ffe1ca10000 - 0x00007ffe1ca6b000 	C:\Windows\system32\sechost.dll
0x00007ffe1b610000 - 0x00007ffe1b72c000 	C:\Windows\system32\RPCRT4.dll
0x00007ffe1bea0000 - 0x00007ffe1bff6000 	C:\Windows\system32\USER32.dll
0x00007ffe1c480000 - 0x00007ffe1c606000 	C:\Windows\system32\GDI32.dll
0x00007ffe135d0000 - 0x00007ffe13844000 	C:\Windows\WinSxS\amd64_microsoft.windows.common-controls_6595b64144ccf1df_6.0.10586.0_none_8c15ae12515e1c22\COMCTL32.dll
0x00007ffe1c070000 - 0x00007ffe1c2ed000 	C:\Windows\system32\combase.dll
0x00007ffe19e00000 - 0x00007ffe19e6a000 	C:\Windows\system32\bcryptPrimitives.dll
0x00007ffe1be60000 - 0x00007ffe1be9b000 	C:\Windows\system32\IMM32.DLL
0x0000000050720000 - 0x00000000507f2000 	C:\Program Files\Java\jre1.8.0_231\bin\msvcr100.dll
0x0000000077750000 - 0x0000000077ff6000 	C:\Program Files\Java\jre1.8.0_231\bin\server\jvm.dll
0x00007ffe1c8d0000 - 0x00007ffe1c8d8000 	C:\Windows\system32\PSAPI.DLL
0x00007ffe17080000 - 0x00007ffe170a3000 	C:\Windows\SYSTEM32\WINMM.dll
0x00007ffe13860000 - 0x00007ffe1386a000 	C:\Windows\SYSTEM32\VERSION.dll
0x00007ffe17350000 - 0x00007ffe17359000 	C:\Windows\SYSTEM32\WSOCK32.dll
0x00007ffe1c000000 - 0x00007ffe1c06b000 	C:\Windows\system32\WS2_32.dll
0x00007ffe17050000 - 0x00007ffe1707c000 	C:\Windows\SYSTEM32\WINMMBASE.dll
0x00007ffe194c0000 - 0x00007ffe19503000 	C:\Windows\system32\cfgmgr32.dll
0x00007ffe17120000 - 0x00007ffe1712f000 	C:\Program Files\Java\jre1.8.0_231\bin\verify.dll
0x00007ffe10750000 - 0x00007ffe10779000 	C:\Program Files\Java\jre1.8.0_231\bin\java.dll
0x00007ffe13c30000 - 0x00007ffe13c46000 	C:\Program Files\Java\jre1.8.0_231\bin\zip.dll
0x00007ffe1a0b0000 - 0x00007ffe1b60c000 	C:\Windows\system32\SHELL32.dll
0x00007ffe19700000 - 0x00007ffe19d45000 	C:\Windows\system32\windows.storage.dll
0x00007ffe1ca70000 - 0x00007ffe1cac2000 	C:\Windows\system32\shlwapi.dll
0x00007ffe191d0000 - 0x00007ffe191df000 	C:\Windows\system32\kernel.appcore.dll
0x00007ffe19e70000 - 0x00007ffe19f25000 	C:\Windows\system32\shcore.dll
0x00007ffe19170000 - 0x00007ffe191bb000 	C:\Windows\system32\powrprof.dll
0x00007ffe19150000 - 0x00007ffe19164000 	C:\Windows\system32\profapi.dll
0x00007ffe10730000 - 0x00007ffe1074a000 	C:\Program Files\Java\jre1.8.0_231\bin\net.dll
0x00007ffe18a80000 - 0x00007ffe18adc000 	C:\Windows\system32\mswsock.dll

VM Arguments:
jvm_args: -ea -Dfile.encoding=UTF-8 
java_command: org.eclipse.jdt.internal.junit.runner.RemoteTestRunner -version 3 -port 56778 -testLoaderClass org.eclipse.jdt.internal.junit4.runner.JUnit4TestLoader -loaderpluginname org.eclipse.jdt.junit4.runtime -classNames com.adactin.runner.Runner
java_class_path (initial): C:\Users\HARI\eclipse-workspace\AdactinCucumber\target\test-classes;C:\Users\HARI\eclipse-workspace\AdactinCucumber\target\classes;C:\Users\HARI\.p2\pool\plugins\org.junit_4.12.0.v201504281640\junit.jar;C:\Users\HARI\.p2\pool\plugins\org.hamcrest.core_1.3.0.v20180420-1519.jar;C:\Users\HARI\Downloads\selenium-server-standalone-3.141.59.jar;C:\Users\HARI\Downloads\commons-io-2.6-bin.zip;C:\Users\HARI\Documents\commons-io-2.6\commons-io-2.6.jar;C:\Users\HARI\.m2\repository\junit\junit\4.2\junit-4.2.jar;C:\Users\HARI\.m2\repository\info\cukes\cucumber-junit\1.2.5\cucumber-junit-1.2.5.jar;C:\Users\HARI\.m2\repository\info\cukes\cucumber-java\1.2.5\cucumber-java-1.2.5.jar;C:\Users\HARI\.m2\repository\info\cukes\cucumber-core\1.2.5\cucumber-core-1.2.5.jar;C:\Users\HARI\.m2\repository\info\cukes\cucumber-html\0.2.3\cucumber-html-0.2.3.jar;C:\Users\HARI\.m2\repository\info\cukes\cucumber-jvm-deps\1.0.5\cucumber-jvm-deps-1.0.5.jar;C:\Users\HARI\.m2\repository\info\cukes\gherkin\2.12.2\gherkin-2.12.2.jar;C:\Users\HARI\.m2\repository\org\seleniumhq\selenium\selenium-java\3.141.59\selenium-java-3.141.59.jar;C:\Users\HARI\.m2\repository\org\seleniumhq\selenium\selenium-api\3.141.59\selenium-api-3.141.59.jar;C:\Users\HARI\.m2\repository\org\seleniumhq\selenium\selenium-chrome-driver\3.141.59\selenium-chrome-driver-3.141.59.jar;C:\Users\HARI\.m2\repository\org\seleniumhq\selenium\selenium-edge-driver\3.141.59\selenium-edge-driver-3.141.59.jar;C:\Users\HARI\.m2\repository\org\seleniumhq\selenium\selenium-firefox-driver\3.141.59\selenium-firefox-driver-3.141.59.jar;C:\Users\HARI\.m2\repository\org\seleniumhq\selenium\selenium-ie-driver\3.141.59\selenium-ie-driver-3.141.59.jar;C:\Users\HARI\.m2\repository\org\seleniumhq\selenium\selenium-opera-driver\3.141.59\selenium-opera-driver-3.141.59.jar;C:\Users\HARI\.m2\repository\org\seleniumhq\selenium\selenium-remote-driver\3.141.59\selenium-remote-driver-3.141.59.jar;C:\Users\HARI\.m2\repository\org\seleniumhq\
Launcher Type: SUN_STANDARD

Environment Variables:
PATH=C:/Program Files/Java/jre1.8.0_231/bin/server;C:/Program Files/Java/jre1.8.0_231/bin;C:/Program Files/Java/jre1.8.0_231/lib/amd64;C:\Program Files (x86)\Common Files\Oracle\Java\javapath;C:\Windows\system32;C:\Windows;C:\Windows\System32\Wbem;C:\Windows\System32\WindowsPowerShell\v1.0\;C:\Program Files\Java\jdk1.8.0_231\;C:\Maven\bin;C:\Maven\bin;C:\Users\HARI\Desktop;
USERNAME=Preethi
OS=Windows_NT
PROCESSOR_IDENTIFIER=Intel64 Family 6 Model 61 Stepping 4, GenuineIntel



---------------  S Y S T E M  ---------------

OS: Windows 10.0 , 64 bit Build 10586 (10.0.10586.0)

CPU:total 4 (initial active 4) (2 cores per cpu, 2 threads per core) family 6 model 61 stepping 4, cmov, cx8, fxsr, mmx, sse, sse2, sse3, ssse3, sse4.1, sse4.2, popcnt, avx, avx2, aes, clmul, erms, 3dnowpref, lzcnt, ht, tsc, tscinvbit, bmi1, bmi2, adx

Memory: 4k page, physical 4113068k(916348k free), swap 16695980k(6836k free)

vm_info: Java HotSpot(TM) 64-Bit Server VM (25.231-b11) for windows-amd64 JRE (1.8.0_231-b11), built on Oct  5 2019 03:11:30 by "java_re" with MS VC++ 10.0 (VS2010)

time: Tue Mar 17 11:47:11 2020
timezone: India Standard Time
elapsed time: 5 seconds (0d 0h 0m 5s)

