#
# There is insufficient memory for the Java Runtime Environment to continue.
# Native memory allocation (malloc) failed to allocate 32744 bytes for ChunkPool::allocate
# Possible reasons:
#   The system is out of physical RAM or swap space
#   The process is running with CompressedOops enabled, and the Java Heap may be blocking the growth of the native heap
# Possible solutions:
#   Reduce memory load on the system
#   Increase physical memory or swap space
#   Check if swap backing store is full
#   Decrease Java heap size (-Xmx/-Xms)
#   Decrease number of Java threads
#   Decrease Java thread stack sizes (-Xss)
#   Set larger code cache with -XX:ReservedCodeCacheSize=
#   JVM is running with Unscaled Compressed Oops mode in which the Java heap is
#     placed in the first 4GB address space. The Java Heap base address is the
#     maximum limit for the native heap growth. Please use -XX:HeapBaseMinAddress
#     to set the Java Heap base and to place the Java Heap above 4GB virtual address.
# This output file may be truncated or incomplete.
#
#  Out of Memory Error (allocation.cpp:272), pid=6992, tid=0x0000000000001dc8
#
# JRE version: Java(TM) SE Runtime Environment (8.0_231-b11) (build 1.8.0_231-b11)
# Java VM: Java HotSpot(TM) 64-Bit Server VM (25.231-b11 mixed mode windows-amd64 compressed oops)
# Failed to write core dump. Minidumps are not enabled by default on client versions of Windows
#

---------------  T H R E A D  ---------------

Current thread (0x0000000014b25000):  JavaThread "C2 CompilerThread0" daemon [_thread_in_native, id=7624, stack(0x0000000016170000,0x0000000016270000)]

Stack: [0x0000000016170000,0x0000000016270000]
[error occurred during error reporting (printing stack bounds), id 0xc0000005]

Native frames: (J=compiled Java code, j=interpreted, Vv=VM code, C=native code)


Current CompileTask:
C2:   1675  720       4       sun.misc.URLClassPath::getResource (83 bytes)


---------------  P R O C E S S  ---------------

Java Threads: ( => current thread )
  0x0000000016db1000 JavaThread "ReaderThread" [_thread_in_native, id=3800, stack(0x0000000017270000,0x0000000017370000)]
  0x00000000164a0800 JavaThread "Service Thread" daemon [_thread_blocked, id=5912, stack(0x0000000016870000,0x0000000016970000)]
  0x0000000014b2f800 JavaThread "C1 CompilerThread2" daemon [_thread_blocked, id=2816, stack(0x0000000016370000,0x0000000016470000)]
  0x0000000014b2c000 JavaThread "C2 CompilerThread1" daemon [_thread_blocked, id=4628, stack(0x0000000016270000,0x0000000016370000)]
=>0x0000000014b25000 JavaThread "C2 CompilerThread0" daemon [_thread_in_native, id=7624, stack(0x0000000016170000,0x0000000016270000)]
  0x0000000014b23000 JavaThread "Attach Listener" daemon [_thread_blocked, id=5824, stack(0x0000000016070000,0x0000000016170000)]
  0x0000000014b22000 JavaThread "Signal Dispatcher" daemon [_thread_blocked, id=2668, stack(0x0000000015f70000,0x0000000016070000)]
  0x0000000014b10000 JavaThread "Finalizer" daemon [_thread_blocked, id=888, stack(0x0000000015d90000,0x0000000015e90000)]
  0x00000000024f5000 JavaThread "Reference Handler" daemon [_thread_blocked, id=5340, stack(0x0000000015c90000,0x0000000015d90000)]
  0x0000000002405800 JavaThread "main" [_thread_blocked, id=3908, stack(0x0000000002300000,0x0000000002400000)]

Other Threads:
  0x0000000014ae7800 VMThread [stack: 0x0000000015b90000,0x0000000015c90000] [id=6056]
  0x00000000164f6000 WatcherThread [stack: 0x0000000016970000,0x0000000016a70000] [id=9236]

VM state:at safepoint (normal execution)

VM Mutex/Monitor currently owned by a thread:  ([mutex/lock_event])
[0x0000000002402cd0] Threads_lock - owner thread: 0x0000000014ae7800
[0x00000000024022d0] Heap_lock - owner thread: 0x0000000002405800

heap address: 0x00000000c1200000, size: 1006 MB, Compressed Oops mode: 32-bit
Narrow klass base: 0x0000000000000000, Narrow klass shift: 3
Compressed class space size: 1073741824 Address: 0x0000000100000000

Heap:
 PSYoungGen      total 18944K, used 17496K [0x00000000eb100000, 0x00000000ec600000, 0x0000000100000000)
  eden space 16384K, 91% used [0x00000000eb100000,0x00000000ebf9d1e8,0x00000000ec100000)
  from space 2560K, 98% used [0x00000000ec100000,0x00000000ec378eb0,0x00000000ec380000)
  to   space 2560K, 40% used [0x00000000ec380000,0x00000000ec484ec0,0x00000000ec600000)
 ParOldGen       total 44032K, used 555K [0x00000000c1200000, 0x00000000c3d00000, 0x00000000eb100000)
  object space 44032K, 1% used [0x00000000c1200000,0x00000000c128ac90,0x00000000c3d00000)
 Metaspace       used 8815K, capacity 8930K, committed 8960K, reserved 1060864K
  class space    used 1224K, capacity 1269K, committed 1280K, reserved 1048576K

Card table byte_map: [0x00000000118c0000,0x0000000011ac0000] byte_map_base: 0x00000000112b7000

Marking Bits: (ParMarkBitMap*) 0x0000000077f76d90
 Begin Bits: [0x0000000012010000, 0x0000000012fc8000)
 End Bits:   [0x0000000012fc8000, 0x0000000013f80000)

Polling page: 0x0000000000710000

CodeCache: size=245760Kb used=3208Kb max_used=3208Kb free=242551Kb
 bounds [0x0000000002500000, 0x0000000002830000, 0x0000000011500000]
 total_blobs=1085 nmethods=786 adapters=212
 compilation: enabled

Compilation events (10 events):
Event: 1.544 Thread 0x0000000014b2f800  784   !   3       java.lang.Package::getSystemPackage (63 bytes)
Event: 1.545 Thread 0x0000000014b2f800 nmethod 784 0x0000000002822a10 code [0x0000000002822c00, 0x00000000028234d8]
Event: 1.604 Thread 0x0000000014b2f800  785   !   3       sun.misc.URLClassPath$JarLoader::getResource (85 bytes)
Event: 1.605 Thread 0x0000000014b2f800 nmethod 785 0x00000000028217d0 code [0x0000000002821a00, 0x0000000002822498]
Event: 1.605 Thread 0x0000000014b2f800  786       3       java.util.Properties::getProperty (46 bytes)
Event: 1.605 Thread 0x0000000014b2f800 nmethod 786 0x000000000281f3d0 code [0x000000000281f560, 0x000000000281fa78]
Event: 1.605 Thread 0x0000000014b2f800  787       1       java.util.logging.LogManager$LoggerContext::getOwner (5 bytes)
Event: 1.605 Thread 0x0000000014b2f800 nmethod 787 0x0000000002817350 code [0x00000000028174a0, 0x00000000028175b0]
Event: 1.606 Thread 0x0000000014b2f800  788       3       sun.misc.MetaIndex::mayContain (51 bytes)
Event: 1.606 Thread 0x0000000014b2f800 nmethod 788 0x0000000002820d10 code [0x0000000002820ec0, 0x0000000002821538]

GC Heap History (3 events):
Event: 1.079 GC heap before
{Heap before GC invocations=1 (full 0):
 PSYoungGen      total 18944K, used 16384K [0x00000000eb100000, 0x00000000ec600000, 0x0000000100000000)
  eden space 16384K, 100% used [0x00000000eb100000,0x00000000ec100000,0x00000000ec100000)
  from space 2560K, 0% used [0x00000000ec380000,0x00000000ec380000,0x00000000ec600000)
  to   space 2560K, 0% used [0x00000000ec100000,0x00000000ec100000,0x00000000ec380000)
 ParOldGen       total 44032K, used 0K [0x00000000c1200000, 0x00000000c3d00000, 0x00000000eb100000)
  object space 44032K, 0% used [0x00000000c1200000,0x00000000c1200000,0x00000000c3d00000)
 Metaspace       used 6578K, capacity 6660K, committed 6784K, reserved 1056768K
  class space    used 836K, capacity 880K, committed 896K, reserved 1048576K
Event: 1.085 GC heap after
Heap after GC invocations=1 (full 0):
 PSYoungGen      total 18944K, used 2531K [0x00000000eb100000, 0x00000000ec600000, 0x0000000100000000)
  eden space 16384K, 0% used [0x00000000eb100000,0x00000000eb100000,0x00000000ec100000)
  from space 2560K, 98% used [0x00000000ec100000,0x00000000ec378eb0,0x00000000ec380000)
  to   space 2560K, 0% used [0x00000000ec380000,0x00000000ec380000,0x00000000ec600000)
 ParOldGen       total 44032K, used 547K [0x00000000c1200000, 0x00000000c3d00000, 0x00000000eb100000)
  object space 44032K, 1% used [0x00000000c1200000,0x00000000c1288c90,0x00000000c3d00000)
 Metaspace       used 6578K, capacity 6660K, committed 6784K, reserved 1056768K
  class space    used 836K, capacity 880K, committed 896K, reserved 1048576K
}
Event: 1.674 GC heap before
{Heap before GC invocations=2 (full 0):
 PSYoungGen      total 18944K, used 17496K [0x00000000eb100000, 0x00000000ec600000, 0x0000000100000000)
  eden space 16384K, 91% used [0x00000000eb100000,0x00000000ebf9d1e8,0x00000000ec100000)
  from space 2560K, 98% used [0x00000000ec100000,0x00000000ec378eb0,0x00000000ec380000)
  to   space 2560K, 0% used [0x00000000ec380000,0x00000000ec380000,0x00000000ec600000)
 ParOldGen       total 44032K, used 547K [0x00000000c1200000, 0x00000000c3d00000, 0x00000000eb100000)
  object space 44032K, 1% used [0x00000000c1200000,0x00000000c1288c90,0x00000000c3d00000)
 Metaspace       used 8815K, capacity 8930K, committed 8960K, reserved 1060864K
  class space    used 1224K, capacity 1269K, committed 1280K, reserved 1048576K

Deoptimization events (10 events):
Event: 1.043 Thread 0x0000000002405800 Uncommon trap: reason=unstable_if action=reinterpret pc=0x0000000002666f98 method=sun.nio.cs.UTF_8$Encoder.encode([CII[B)I @ 33
Event: 1.195 Thread 0x0000000002405800 Uncommon trap: reason=unstable_if action=reinterpret pc=0x000000000276c744 method=java.io.WinNTFileSystem.normalize(Ljava/lang/String;)Ljava/lang/String; @ 128
Event: 1.281 Thread 0x0000000002405800 Uncommon trap: reason=class_check action=maybe_recompile pc=0x00000000027ea2e4 method=java.lang.reflect.Executable.getAnnotation(Ljava/lang/Class;)Ljava/lang/annotation/Annotation; @ 11
Event: 1.281 Thread 0x0000000002405800 Uncommon trap: reason=class_check action=maybe_recompile pc=0x00000000027ea2e4 method=java.lang.reflect.Executable.getAnnotation(Ljava/lang/Class;)Ljava/lang/annotation/Annotation; @ 11
Event: 1.281 Thread 0x0000000002405800 Uncommon trap: reason=class_check action=maybe_recompile pc=0x00000000027ea2e4 method=java.lang.reflect.Executable.getAnnotation(Ljava/lang/Class;)Ljava/lang/annotation/Annotation; @ 11
Event: 1.281 Thread 0x0000000002405800 Uncommon trap: reason=class_check action=maybe_recompile pc=0x00000000027ea2e4 method=java.lang.reflect.Executable.getAnnotation(Ljava/lang/Class;)Ljava/lang/annotation/Annotation; @ 11
Event: 1.403 Thread 0x0000000002405800 Uncommon trap: reason=range_check action=make_not_entrant pc=0x00000000027d8460 method=sun.reflect.generics.parser.SignatureParser.current()C @ 34
Event: 1.505 Thread 0x0000000002405800 Uncommon trap: reason=null_check action=make_not_entrant pc=0x00000000026e5d14 method=java.lang.String.equals(Ljava/lang/Object;)Z @ 8
Event: 1.603 Thread 0x0000000002405800 Uncommon trap: reason=unstable_if action=reinterpret pc=0x000000000279305c method=sun.misc.MetaIndex.mayContain(Ljava/lang/String;)Z @ 38
Event: 1.603 Thread 0x0000000002405800 Uncommon trap: reason=unstable_if action=reinterpret pc=0x000000000277e4a0 method=sun.misc.MetaIndex.mayContain(Ljava/lang/String;)Z @ 38

Classes redefined (0 events):
No events

Internal exceptions (10 events):
Event: 0.234 Thread 0x0000000002405800 Exception <a 'java/security/PrivilegedActionException'> (0x00000000eb346c90) thrown at [C:\re\workspace\8-2-build-windows-amd64-cygwin\jdk8u231\13620\hotspot\src\share\vm\prims\jvm.cpp, line 1502]
Event: 0.234 Thread 0x0000000002405800 Exception <a 'java/security/PrivilegedActionException'> (0x00000000eb346ea0) thrown at [C:\re\workspace\8-2-build-windows-amd64-cygwin\jdk8u231\13620\hotspot\src\share\vm\prims\jvm.cpp, line 1502]
Event: 0.809 Thread 0x0000000002405800 Exception <a 'java/security/PrivilegedActionException'> (0x00000000eb9c90c0) thrown at [C:\re\workspace\8-2-build-windows-amd64-cygwin\jdk8u231\13620\hotspot\src\share\vm\prims\jvm.cpp, line 1502]
Event: 0.809 Thread 0x0000000002405800 Exception <a 'java/security/PrivilegedActionException'> (0x00000000eb9c94b8) thrown at [C:\re\workspace\8-2-build-windows-amd64-cygwin\jdk8u231\13620\hotspot\src\share\vm\prims\jvm.cpp, line 1502]
Event: 0.809 Thread 0x0000000002405800 Exception <a 'java/security/PrivilegedActionException'> (0x00000000eb9cd4f8) thrown at [C:\re\workspace\8-2-build-windows-amd64-cygwin\jdk8u231\13620\hotspot\src\share\vm\prims\jvm.cpp, line 1502]
Event: 0.810 Thread 0x0000000002405800 Exception <a 'java/security/PrivilegedActionException'> (0x00000000eb9cd8f0) thrown at [C:\re\workspace\8-2-build-windows-amd64-cygwin\jdk8u231\13620\hotspot\src\share\vm\prims\jvm.cpp, line 1502]
Event: 1.403 Thread 0x0000000002405800 Exception <a 'java/lang/ArrayIndexOutOfBoundsException': 18> (0x00000000ebbdd740) thrown at [C:\re\workspace\8-2-build-windows-amd64-cygwin\jdk8u231\13620\hotspot\src\share\vm\interpreter\interpreterRuntime.cpp, line 368]
Event: 1.404 Thread 0x0000000002405800 Exception <a 'java/lang/ArrayIndexOutOfBoundsException': 138> (0x00000000ebbdf3d8) thrown at [C:\re\workspace\8-2-build-windows-amd64-cygwin\jdk8u231\13620\hotspot\src\share\vm\interpreter\interpreterRuntime.cpp, line 368]
Event: 1.404 Thread 0x0000000002405800 Exception <a 'java/lang/ArrayIndexOutOfBoundsException': 60> (0x00000000ebbe0a70) thrown at [C:\re\workspace\8-2-build-windows-amd64-cygwin\jdk8u231\13620\hotspot\src\share\vm\interpreter\interpreterRuntime.cpp, line 368]
Event: 1.505 Thread 0x0000000002405800 Implicit null exception at 0x00000000026e5b5a to 0x00000000026e5d05

Events (10 events):
Event: 1.662 loading class java/net/UnknownHostException done
Event: 1.662 loading class java/net/SocketTimeoutException
Event: 1.662 loading class java/io/InterruptedIOException
Event: 1.662 loading class java/io/InterruptedIOException done
Event: 1.662 loading class java/net/SocketTimeoutException done
Event: 1.662 loading class java/util/Random
Event: 1.662 loading class java/util/Random done
Event: 1.662 loading class org/openqa/selenium/Platform
Event: 1.662 loading class org/openqa/selenium/Platform done
Event: 1.674 Executing VM operation: CollectForMetadataAllocation


Dynamic libraries:
0x00007ff6515e0000 - 0x00007ff651617000 	C:\Program Files\Java\jre1.8.0_231\bin\javaw.exe
0x00007ffe1cb30000 - 0x00007ffe1ccf1000 	C:\Windows\SYSTEM32\ntdll.dll
0x00007ffe1c950000 - 0x00007ffe1c9fd000 	C:\Windows\system32\KERNEL32.DLL
0x00007ffe19510000 - 0x00007ffe196f8000 	C:\Windows\system32\KERNELBASE.dll
0x00007ffe19f30000 - 0x00007ffe19fd7000 	C:\Windows\system32\ADVAPI32.dll
0x00007ffe1b7e0000 - 0x00007ffe1b87d000 	C:\Windows\system32\msvcrt.dll
0x00007ffe1ca10000 - 0x00007ffe1ca6b000 	C:\Windows\system32\sechost.dll
0x00007ffe1b610000 - 0x00007ffe1b72c000 	C:\Windows\system32\RPCRT4.dll
0x00007ffe1bea0000 - 0x00007ffe1bff6000 	C:\Windows\system32\USER32.dll
0x00007ffe1c480000 - 0x00007ffe1c606000 	C:\Windows\system32\GDI32.dll
0x00007ffe135d0000 - 0x00007ffe13844000 	C:\Windows\WinSxS\amd64_microsoft.windows.common-controls_6595b64144ccf1df_6.0.10586.0_none_8c15ae12515e1c22\COMCTL32.dll
0x00007ffe1c070000 - 0x00007ffe1c2ed000 	C:\Windows\system32\combase.dll
0x00007ffe19e00000 - 0x00007ffe19e6a000 	C:\Windows\system32\bcryptPrimitives.dll
0x00007ffe1be60000 - 0x00007ffe1be9b000 	C:\Windows\system32\IMM32.DLL
0x0000000050720000 - 0x00000000507f2000 	C:\Program Files\Java\jre1.8.0_231\bin\msvcr100.dll
0x0000000077750000 - 0x0000000077ff6000 	C:\Program Files\Java\jre1.8.0_231\bin\server\jvm.dll
0x00007ffe1c8d0000 - 0x00007ffe1c8d8000 	C:\Windows\system32\PSAPI.DLL
0x00007ffe17350000 - 0x00007ffe17359000 	C:\Windows\SYSTEM32\WSOCK32.dll
0x00007ffe17080000 - 0x00007ffe170a3000 	C:\Windows\SYSTEM32\WINMM.dll
0x00007ffe13860000 - 0x00007ffe1386a000 	C:\Windows\SYSTEM32\VERSION.dll
0x00007ffe1c000000 - 0x00007ffe1c06b000 	C:\Windows\system32\WS2_32.dll
0x00007ffe17050000 - 0x00007ffe1707c000 	C:\Windows\SYSTEM32\WINMMBASE.dll
0x00007ffe194c0000 - 0x00007ffe19503000 	C:\Windows\system32\cfgmgr32.dll
0x00007ffe17120000 - 0x00007ffe1712f000 	C:\Program Files\Java\jre1.8.0_231\bin\verify.dll
0x00007ffe10750000 - 0x00007ffe10779000 	C:\Program Files\Java\jre1.8.0_231\bin\java.dll
0x00007ffe13c30000 - 0x00007ffe13c46000 	C:\Program Files\Java\jre1.8.0_231\bin\zip.dll
0x00007ffe1a0b0000 - 0x00007ffe1b60c000 	C:\Windows\system32\SHELL32.dll
0x00007ffe19700000 - 0x00007ffe19d45000 	C:\Windows\system32\windows.storage.dll
0x00007ffe1ca70000 - 0x00007ffe1cac2000 	C:\Windows\system32\shlwapi.dll
0x00007ffe191d0000 - 0x00007ffe191df000 	C:\Windows\system32\kernel.appcore.dll
0x00007ffe19e70000 - 0x00007ffe19f25000 	C:\Windows\system32\shcore.dll
0x00007ffe19170000 - 0x00007ffe191bb000 	C:\Windows\system32\powrprof.dll
0x00007ffe19150000 - 0x00007ffe19164000 	C:\Windows\system32\profapi.dll
0x00007ffe10730000 - 0x00007ffe1074a000 	C:\Program Files\Java\jre1.8.0_231\bin\net.dll
0x00007ffe18a80000 - 0x00007ffe18adc000 	C:\Windows\system32\mswsock.dll

VM Arguments:
jvm_args: -ea -Dfile.encoding=UTF-8 
java_command: org.eclipse.jdt.internal.junit.runner.RemoteTestRunner -version 3 -port 56780 -testLoaderClass org.eclipse.jdt.internal.junit4.runner.JUnit4TestLoader -loaderpluginname org.eclipse.jdt.junit4.runtime -classNames com.adactin.runner.Runner
java_class_path (initial): C:\Users\HARI\eclipse-workspace\AdactinCucumber\target\test-classes;C:\Users\HARI\eclipse-workspace\AdactinCucumber\target\classes;C:\Users\HARI\.p2\pool\plugins\org.junit_4.12.0.v201504281640\junit.jar;C:\Users\HARI\.p2\pool\plugins\org.hamcrest.core_1.3.0.v20180420-1519.jar;C:\Users\HARI\Downloads\selenium-server-standalone-3.141.59.jar;C:\Users\HARI\Downloads\commons-io-2.6-bin.zip;C:\Users\HARI\Documents\commons-io-2.6\commons-io-2.6.jar;C:\Users\HARI\.m2\repository\junit\junit\4.2\junit-4.2.jar;C:\Users\HARI\.m2\repository\info\cukes\cucumber-junit\1.2.5\cucumber-junit-1.2.5.jar;C:\Users\HARI\.m2\repository\info\cukes\cucumber-java\1.2.5\cucumber-java-1.2.5.jar;C:\Users\HARI\.m2\repository\info\cukes\cucumber-core\1.2.5\cucumber-core-1.2.5.jar;C:\Users\HARI\.m2\repository\info\cukes\cucumber-html\0.2.3\cucumber-html-0.2.3.jar;C:\Users\HARI\.m2\repository\info\cukes\cucumber-jvm-deps\1.0.5\cucumber-jvm-deps-1.0.5.jar;C:\Users\HARI\.m2\repository\info\cukes\gherkin\2.12.2\gherkin-2.12.2.jar;C:\Users\HARI\.m2\repository\org\seleniumhq\selenium\selenium-java\3.141.59\selenium-java-3.141.59.jar;C:\Users\HARI\.m2\repository\org\seleniumhq\selenium\selenium-api\3.141.59\selenium-api-3.141.59.jar;C:\Users\HARI\.m2\repository\org\seleniumhq\selenium\selenium-chrome-driver\3.141.59\selenium-chrome-driver-3.141.59.jar;C:\Users\HARI\.m2\repository\org\seleniumhq\selenium\selenium-edge-driver\3.141.59\selenium-edge-driver-3.141.59.jar;C:\Users\HARI\.m2\repository\org\seleniumhq\selenium\selenium-firefox-driver\3.141.59\selenium-firefox-driver-3.141.59.jar;C:\Users\HARI\.m2\repository\org\seleniumhq\selenium\selenium-ie-driver\3.141.59\selenium-ie-driver-3.141.59.jar;C:\Users\HARI\.m2\repository\org\seleniumhq\selenium\selenium-opera-driver\3.141.59\selenium-opera-driver-3.141.59.jar;C:\Users\HARI\.m2\repository\org\seleniumhq\selenium\selenium-remote-driver\3.141.59\selenium-remote-driver-3.141.59.jar;C:\Users\HARI\.m2\repository\org\seleniumhq\
Launcher Type: SUN_STANDARD

Environment Variables:
PATH=C:/Program Files/Java/jre1.8.0_231/bin/server;C:/Program Files/Java/jre1.8.0_231/bin;C:/Program Files/Java/jre1.8.0_231/lib/amd64;C:\Program Files (x86)\Common Files\Oracle\Java\javapath;C:\Windows\system32;C:\Windows;C:\Windows\System32\Wbem;C:\Windows\System32\WindowsPowerShell\v1.0\;C:\Program Files\Java\jdk1.8.0_231\;C:\Maven\bin;C:\Maven\bin;C:\Users\HARI\Desktop;
USERNAME=Preethi
OS=Windows_NT
PROCESSOR_IDENTIFIER=Intel64 Family 6 Model 61 Stepping 4, GenuineIntel



---------------  S Y S T E M  ---------------

OS: Windows 10.0 , 64 bit Build 10586 (10.0.10586.0)

CPU:total 4 (initial active 4) (2 cores per cpu, 2 threads per core) family 6 model 61 stepping 4, cmov, cx8, fxsr, mmx, sse, sse2, sse3, ssse3, sse4.1, sse4.2, popcnt, avx, avx2, aes, clmul, erms, 3dnowpref, lzcnt, ht, tsc, tscinvbit, bmi1, bmi2, adx

Memory: 4k page, physical 4113068k(915684k free), swap 16695980k(5140k free)

vm_info: Java HotSpot(TM) 64-Bit Server VM (25.231-b11) for windows-amd64 JRE (1.8.0_231-b11), built on Oct  5 2019 03:11:30 by "java_re" with MS VC++ 10.0 (VS2010)

time: Tue Mar 17 11:47:16 2020
timezone: India Standard Time
elapsed time: 1 seconds (0d 0h 0m 1s)

